<?xml version="1.0" encoding="UTF-8"?>
<testng-results ignored="0" total="1" passed="1" failed="0" skipped="0">
  <reporter-output>
  </reporter-output>
  <suite started-at="2024-07-08T23:29:12 AST" name="Default suite" finished-at="2024-07-08T23:29:18 AST" duration-ms="6140">
    <groups>
    </groups>
    <test started-at="2024-07-08T23:29:12 AST" name="Default test" finished-at="2024-07-08T23:29:18 AST" duration-ms="6140">
      <class name="selenium.selenium.AppTest">
        <test-method is-config="true" signature="setUp()[pri:0, instance:selenium.selenium.AppTest@be64738]" started-at="2024-07-08T23:29:12 AST" name="setUp" finished-at="2024-07-08T23:29:13 AST" duration-ms="1129" status="PASS">
          <reporter-output>
          </reporter-output>
        </test-method> <!-- setUp -->
        <test-method signature="testGoogleSearch()[pri:0, instance:selenium.selenium.AppTest@be64738]" started-at="2024-07-08T23:29:13 AST" name="testGoogleSearch" finished-at="2024-07-08T23:29:18 AST" duration-ms="4899" status="PASS">
          <reporter-output>
          </reporter-output>
        </test-method> <!-- testGoogleSearch -->
        <test-method is-config="true" signature="tearDown()[pri:0, instance:selenium.selenium.AppTest@be64738]" started-at="2024-07-08T23:29:18 AST" name="tearDown" finished-at="2024-07-08T23:29:18 AST" duration-ms="86" status="PASS">
          <reporter-output>
          </reporter-output>
        </test-method> <!-- tearDown -->
      </class> <!-- selenium.selenium.AppTest -->
    </test> <!-- Default test -->
  </suite> <!-- Default suite -->
</testng-results>
